


ARM Macro Assembler    Page 1 


    1 00000000                 AREA             datos,DATA
    2 00000000         ;vuestras variables y constantes
    3 00000000         ; variables y constantes
    4 00000000         
    5 00000000 00000000 
                       reloj   DCD              0           ;contador de centes
                                                            imas de segundo
    6 00000004 00000008 
                       max     DCD              8           ;velocidad de movim
                                                            iento (en centesima
                                                            s s.)
    7 00000008 00000000 
                       contador
                               DCD              0           ;instante siguiente
                                                             movimiento
    8 0000000C 00000000 
                       almacen_uno
                               DCD              0
    9 00000010 00000000 
                       almacen_dos
                               DCD              0
   10 00000014 00000008 
                       i_carretera
                               DCD              8
   11 00000018 00000010 
                       d_carretera
                               DCD              16
   12 0000001C 000CD406 
                       semilla DCD              840710
   13 00000020 00000000 
                       tecla_pulsada
                               DCD              0
   14 00000024 30      puntuacion_u
                               DCB              48
   15 00000025 30      puntuacion_d
                               DCB              48
   16 00000026 30      puntuacion_c
                               DCB              48
   17 00000027 30      puntuacion_m
                               DCB              48
   18 00000028 00      iteraciones
                               DCB              0
   19 00000029 0C      dirx    DCB              12          ;direccion mov. car
                                                            acter ‘H’ (-1 izda.
                                                            ,0 stop,1 der.)
   20 0000002A 0F      diry    DCB              15          ;direccion mov. car
                                                            acter ‘H’ (-1 arrib
                                                            a,0 stop,1 abajo)
   21 0000002B 00      izquierda
                               DCB              0
   22 0000002C 00      medio   DCB              0
   23 0000002D 00      num_veces
                               DCB              0
   24 0000002E 00      fin     DCB              0           ;indicador fin de p
                                                            rograma (si vale 1)
                                                            
   25 0000002F 00      pausita DCB              0           ;indicador pausa de
                                                             programa (si vale 
                                                            1)



ARM Macro Assembler    Page 2 


   26 00000030 00      credits DCB              0           ;muestra los credit
                                                            os (si vale 1)
   27 00000031 47 41 4D 
              45 20 4F 
              56 45 52 texto   DCB              "GAME OVER"
   28 0000003A 2D 2D 2D 
              2D 2D 2D 
              2D 2D 2D 
              2D 2D 2D 
              2D 50 41 
              55 53 41 
              2D 2D 2D 
              2D 2D 2D 
              2D 2D 2D 
              2D 2D 2D 
              2D 2D    texto_2 DCB              "-------------PAUSA------------
--"
   29 0000005A 43 52 45 
              41 44 4F 
              52 45 53 
              3A       texto_3 DCB              "CREADORES:"
   30 00000064 4A 41 56 
              49 45 52 
              20 4A 55 
              4C 56 45 
              20 59 20 
              4D 41 52 
              43 4F 53 
              20 47 41 
              52 43 69 
              41       texto_4 DCB              "JAVIER JULVE Y MARCOS GARCiA"
   31 00000080 44 45 44 
              49 43 41 
              44 4F 20 
              45 53 50 
              45 43 49 
              41 4C 4D 
              45 4E 54 
              45 20 41 
              3A       texto_5 DCB              "DEDICADO ESPECIALMENTE A:"
   32 00000099 53 41 4E 
              4A 55    texto_6 DCB              "SANJU"
   33 0000009E 50 55 4E 
              54 55 41 
              43 49 4F 
              4E 3A 20 texto_7 DCB              "PUNTUACION: "
   34 000000AA 00000080 
                       I_Bit   EQU              0x80
   35 000000AA E0004000 
                       T0_IR   EQU              0xE0004000
   36 000000AA FFFFF100 
                       VICVectAddr0
                               EQU              0xFFFFF100
   37 000000AA FFFFF030 
                       VICVectAddr
                               EQU              0xFFFFF030
   38 000000AA FFFFF010 
                       VICIntEnable
                               EQU              0xFFFFF010



ARM Macro Assembler    Page 3 


   39 000000AA FFFFF014 
                       VICIntEnClr
                               EQU              0xFFFFF014
   40 000000AA E0010000 
                       RDAT    EQU              0xE0010000
   41 000000AA E0028004 
                       IOSET   EQU              0xE0028004
   42 000000AA E002800C 
                       IOCLR   EQU              0xE002800C
   43 000000AA 40007E00 
                       pantalla
                               EQU              0x40007E00
   44 000000AA 40007EE9 
                       game_over
                               EQU              0x40007EE9
   45 000000AA 40007F09 
                       dir_puntos
                               EQU              0x40007F09
   46 000000AA 40007EE0 
                       dir_pausa
                               EQU              0x40007EE0
   47 000000AA 40007F00 
                       dir_name
                               EQU              0x40007F00
   48 000000AA 40007FA0 
                       dir_dedicatoria
                               EQU              0x40007FA0
   49 000000AA 40007FC0 
                       dir_dedicatoria_sig
                               EQU              0x40007FC0
   50 000000AA 00000010 
                       filas   EQU              16
   51 000000AA 00000020 
                       columnas
                               EQU              32
   52 000000AA 00000023 
                       carretera
                               EQU              '#'
   53 000000AA 00000020 
                       espacio EQU              ' '
   54 000000AA 00000048 
                       coche   EQU              'H'
   55 000000AA         
   56 000000AA         
   57 000000AA         
   58 000000AA                 AREA             codigo,CODE
   59 00000000                 EXPORT           inicio      ; forma de enlazar 
                                                            con el startup.s
   60 00000000                 IMPORT           srand       ; para poder invoca
                                                            r SBR srand
   61 00000000                 IMPORT           rand        ; para poder invoca
                                                            r SBR rand
   62 00000000         inicio                               ; se recomienda pon
                                                            er punto de parada 
                                                            (breakpoint) en la 
                                                            primera
   63 00000000         ; instruccion de código para poder ejecutar todo el Star
                       tup de golpe
   64 00000000         



ARM Macro Assembler    Page 4 


   65 00000000         ;Inicializo teclado 
   66 00000000 E59F0978        LDR              r0,=VICVectAddr0
   67 00000004 E59F1978        LDR              r1,=RSI_teclado
   68 00000008 E3A02007        mov              r2,#7
   69 0000000C E7801102        str              r1,[r0,r2,LSL #2]
   70 00000010 E59F0970        LDR              r0,=VICIntEnable
   71 00000014 E3A01080        mov              r1,#2_10000000
   72 00000018 E5801000        str              r1,[r0]
   73 0000001C         ;Inicializo reloj
   74 0000001C E59F095C        LDR              r0,=VICVectAddr0
   75 00000020 E59F1964        LDR              r1,=RSI_timer
   76 00000024 E3A02004        mov              r2,#4
   77 00000028 E7801102        str              r1,[r0,r2,LSL#2]
   78 0000002C E59F0954        LDR              r0,=VICIntEnable
   79 00000030 E3A01010        mov              r1,#0x10
   80 00000034 E5801000        str              r1,[r0]
   81 00000038         
   82 00000038 EAFFFFFF        b                main
   83 0000003C         
   84 0000003C         
   85 0000003C         
   86 0000003C         main
   87 0000003C E59F094C        LDR              r0, =pantalla
   88 00000040 E52D0004        push{r0}
   89 00000044 EB000034        bl               ini_pantalla
   90 00000048 E28DD004        add              sp, sp, #4
   91 0000004C E59F1940        LDR              r1, =semilla
   92 00000050 E5911000        ldr              r1, [r1]
   93 00000054 E52D1004        push{r1}
   94 00000058 EBFFFFFE        bl               srand
   95 0000005C E28DD004        add              sp, sp, #4
   96 00000060 EB000196        bl               random
   97 00000064         
   98 00000064         
   99 00000064         bucle
  100 00000064         
  101 00000064 E59F092C        LDR              r0,=pausita
  102 00000068 E5D00000        ldrb             r0,[r0]
  103 0000006C E3500001        cmp              r0,#1
  104 00000070 0A000016        beq              pausado
  105 00000074         
  106 00000074 E59F0920        LDR              r0,=tecla_pulsada
  107 00000078 E5900000        ldr              r0, [r0]
  108 0000007C E3500000        cmp              r0, #0
  109 00000080 1B000074        blne             mover_coche
  110 00000084         
  111 00000084         
  112 00000084 E59F0914        LDR              r0,=contador
  113 00000088 E5900000        ldr              r0,[r0]
  114 0000008C E59F1910        LDR              r1,=max
  115 00000090 E5911000        ldr              r1,[r1]
  116 00000094 E1500001        cmp              r0,r1
  117 00000098 BA000006        blt              comprobar_fin
  118 0000009C E59F18FC        ldr              r1,=contador
  119 000000A0 E3A00000        mov              r0,#0
  120 000000A4 E5810000        str              r0,[r1]
  121 000000A8 EB0000B9        bl               sumar_puntos
  122 000000AC EB00003D        bl               act_carretera
  123 000000B0 EB00019A        bl               generar_carretera



ARM Macro Assembler    Page 5 


  124 000000B4 EB000067        bl               mover_coche
  125 000000B8         
  126 000000B8         
  127 000000B8         comprobar_fin
  128 000000B8 E59F08E8        LDR              r0,=fin
  129 000000BC E5D00000        ldrb             r0,[r0]
  130 000000C0 E3500001        cmp              r0,#1
  131 000000C4 1AFFFFE6        bne              bucle
  132 000000C8         
  133 000000C8 EB0000D5        bl               over
  134 000000CC EA00000C        b                deshab
  135 000000D0         
  136 000000D0         pausado
  137 000000D0 EB000117        bl               almacenar
  138 000000D4 EB00010A        bl               pausa
  139 000000D8         pausa_sigue
  140 000000D8 E59F08CC        LDR              r0,=credits
  141 000000DC E5D00000        ldrb             r0,[r0]
  142 000000E0 E3500001        cmp              r0,#1
  143 000000E4 0B000139        bleq             creditos
  144 000000E8 0A000005        beq              deshab
  145 000000EC E59F28A4        LDR              r2,=pausita
  146 000000F0 E5D22000        ldrb             r2,[r2]
  147 000000F4 E3520001        cmp              r2,#1
  148 000000F8 0AFFFFF6        beq              pausa_sigue
  149 000000FC EB000122        bl               despausar
  150 00000100 EAFFFFD7        b                bucle
  151 00000104         
  152 00000104         
  153 00000104         deshab
  154 00000104 E59F08A4        LDR              r0,=VICIntEnClr
  155 00000108 E5901000        ldr              r1,[r0]
  156 0000010C E3A02090        mov              r2,#2_10010000
  157 00000110 E1811002        orr              r1,r1,r2
  158 00000114 E5801000        str              r1,[r0]
  159 00000118         
  160 00000118         
  161 00000118 EAFFFFFE 
                       final   b                final
  162 0000011C         
  163 0000011C         ;INICIALIZAR PANTALLA
  164 0000011C         ;-------------------------------------------------------
                       --------------------------------------------------------
                       ------------------------------------------
  165 0000011C         ini_pantalla
  166 0000011C E92D4800        push{lr,         fp}
  167 00000120 E1A0B00D        mov              fp, sp
  168 00000124 E92D007F        push{r0-r6}
  169 00000128 E59B0008        LDR              r0, [fp, #8] ;r0=@pantalla
  170 0000012C E3A03023        mov              r3, #carretera
  171 00000130 E3A04020        mov              r4, #espacio
  172 00000134 E3A05020        mov              r5, #columnas
  173 00000138 E3A01000        mov              r1, #0      ;r1=i
  174 0000013C         for_1
  175 0000013C E3510010        cmp              r1, #16
  176 00000140 0A00000F        beq              poner_coche
  177 00000144 E3A02000        mov              r2, #0      ;r2=j
  178 00000148         for_2
  179 00000148 E3520020        cmp              r2, #32



ARM Macro Assembler    Page 6 


  180 0000014C 02811001        addeq            r1, r1, #1
  181 00000150 0AFFFFF9        beq              for_1
  182 00000154 E0060591        mul              r6,r1,r5
  183 00000158 E0866002        add              r6,r6,r2
  184 0000015C E3520008        cmp              r2,#8
  185 00000160 0A000004        beq              hastag
  186 00000164 E3520010        cmp              r2,#16
  187 00000168 0A000002        beq              hastag
  188 0000016C E7C04006        strb             r4,[r0,r6]
  189 00000170 E2822001        add              r2,r2,#1
  190 00000174 EAFFFFF3        b                for_2
  191 00000178         hastag
  192 00000178 E7C03006        strb             r3,[r0,r6]
  193 0000017C E2822001        add              r2,r2,#1
  194 00000180 EAFFFFF0        b                for_2
  195 00000184         poner_coche
  196 00000184 E3A06048        mov              r6, #coche
  197 00000188 E59F3824        LDR              r3,=dirx
  198 0000018C E5D33000        ldrb             r3,[r3]
  199 00000190 E59F4820        LDR              r4,=diry
  200 00000194 E5D44000        ldrb             r4,[r4]
  201 00000198 E0010594        mul              r1,r4,r5
  202 0000019C E0811003        add              r1,r1,r3
  203 000001A0 E7C06001        strb             r6,[r0,r1]
  204 000001A4         
  205 000001A4         
  206 000001A4 E8BD887F        pop{r0,          r1, r2, r3, r4, r5, r6, fp, pc}
  207 000001A8         ;-------------------------------------------------------
                       --------------------------------------------------------
                       ------------------------------------------ 
  208 000001A8         
  209 000001A8         ;ACTUALIZAR CARRETERA
  210 000001A8         ;-------------------------------------------------------
                       --------------------------------------------------------
                       ------------------------------------------
  211 000001A8         act_carretera
  212 000001A8 E52DE004        push{lr}
  213 000001AC E92D01FF        push{r0-r8}
  214 000001B0 E59F07F8        LDR              r0,=VICIntEnClr
  215 000001B4 E5901000        ldr              r1,[r0]
  216 000001B8 E3A02090        mov              r2,#2_10010000
  217 000001BC E1811002        orr              r1,r1,r2
  218 000001C0 E5801000        str              r1,[r0]
  219 000001C4 EB000065        bl               borrar_coche
  220 000001C8         
  221 000001C8 E59F07C0        LDR              r0,=pantalla
  222 000001CC E3A01020        mov              r1,#espacio
  223 000001D0 E3A02023        mov              r2,#carretera
  224 000001D4 E3A0400E        mov              r4,#14      ;j
  225 000001D8 E3A05020        mov              r5,#columnas
  226 000001DC E3A08048        mov              r8,#coche
  227 000001E0         for
  228 000001E0 E3740001        cmp              r4,#-1
  229 000001E4 0A00000A        beq              fin_carretera
  230 000001E8 E3A03000        mov              r3,#0       ;i
  231 000001EC         
  232 000001EC         otro_for
  233 000001EC E3530020        cmp              r3,#32
  234 000001F0 02444001        subeq            r4,r4,#1



ARM Macro Assembler    Page 7 


  235 000001F4 0AFFFFF9        beq              for
  236 000001F8 E0060495        mul              r6,r5,r4
  237 000001FC E0866003        add              r6,r6,r3
  238 00000200 E7907006        ldr              r7,[r0,r6]
  239 00000204 E2866020        add              r6,r6,#32
  240 00000208 E7807006        str              r7,[r0,r6]
  241 0000020C E2833004        add              r3,r3,#4
  242 00000210 EAFFFFF5        b                otro_for
  243 00000214         
  244 00000214         fin_carretera
  245 00000214 E59F076C        LDR              r0,=VICIntEnable
  246 00000218 E5901000        ldr              r1,[r0]
  247 0000021C E3A02090        mov              r2,#2_10010000
  248 00000220 E1811002        orr              r1,r1,r2
  249 00000224 E5801000        str              r1,[r0]
  250 00000228 EB00003A        bl               colision
  251 0000022C E59F0780        LDR              r0,=dirx
  252 00000230 E5D00000        ldrb             r0,[r0]
  253 00000234 E59F177C        LDR              r1,=diry
  254 00000238 E5D11000        ldrb             r1,[r1]
  255 0000023C E3A02020        mov              r2, #columnas
  256 00000240 E59F3748        LDR              r3, =pantalla
  257 00000244 E3A05048        mov              r5, #coche
  258 00000248 E0040291        mul              r4, r1, r2
  259 0000024C E0844000        add              r4, r4, r0
  260 00000250 E7C35004        strb             r5, [r3, r4]
  261 00000254         
  262 00000254 E8BD81FF        pop{r0,          r1, r2, r3, r4, r5, r6, r7, r8,
 pc}
  263 00000258         
  264 00000258         ;-------------------------------------------------------
                       --------------------------------------------------------
                       ------------------------------------------
  265 00000258         
  266 00000258         
  267 00000258         ;MOVER COCHE
  268 00000258         ;-------------------------------------------------------
                       --------------------------------------------------------
                       ------------------------------------------
  269 00000258         mover_coche
  270 00000258 E52DE004        push{lr}
  271 0000025C E92D003F        push{r0-r5}
  272 00000260 EB00003E        bl               borrar_coche
  273 00000264 E59F2730        LDR              r2, =tecla_pulsada
  274 00000268 E5922000        ldr              r2, [r2]
  275 0000026C E59F1740        LDR              r1,=dirx
  276 00000270 E5D10000        ldrb             r0,[r1]
  277 00000274         J
  278 00000274 E352004A        cmp              r2,#74      ;J
  279 00000278 1A000002        bne              L
  280 0000027C E2400001        sub              r0,#1
  281 00000280 E5C10000        strb             r0,[r1]
  282 00000284 EA000014        b                fin_mover
  283 00000288         L
  284 00000288 E352004C        cmp              r2,#76      ;L
  285 0000028C 1A000002        bne              cordY
  286 00000290 E2800001        add              r0,#1
  287 00000294 E5C10000        strb             r0,[r1]
  288 00000298 EA00000F        b                fin_mover



ARM Macro Assembler    Page 8 


  289 0000029C         
  290 0000029C         cordY
  291 0000029C E59F1714        LDR              r1,=diry
  292 000002A0 E5D10000        ldrb             r0,[r1]
  293 000002A4         
  294 000002A4         K
  295 000002A4 E352004B        cmp              r2,#75      ;K
  296 000002A8 1A000004        bne              I
  297 000002AC E350000F        cmp              r0,#15
  298 000002B0 0A000009        beq              fin_mover
  299 000002B4 E2800001        add              r0,#1
  300 000002B8 E5C10000        strb             r0,[r1]
  301 000002BC EA000006        b                fin_mover
  302 000002C0         I
  303 000002C0 E3520049        cmp              r2,#73
  304 000002C4 1A000004        bne              fin_mover
  305 000002C8 E2400001        sub              r0,#1
  306 000002CC E3700001        cmp              r0,#-1
  307 000002D0 02800001        addeq            r0,#1
  308 000002D4 E5C10000        strb             r0,[r1]
  309 000002D8 EAFFFFFF        b                fin_mover
  310 000002DC         
  311 000002DC         
  312 000002DC         fin_mover
  313 000002DC E59F26B8        LDR              r2, =tecla_pulsada
  314 000002E0 E3A01000        mov              r1, #0
  315 000002E4 E5821000        str              r1, [r2]
  316 000002E8 EB00000A        bl               colision
  317 000002EC E59F06C0        LDR              r0,=dirx
  318 000002F0 E5D00000        ldrb             r0,[r0]
  319 000002F4 E59F16BC        LDR              r1,=diry
  320 000002F8 E5D11000        ldrb             r1,[r1]
  321 000002FC E3A02020        mov              r2, #columnas
  322 00000300 E59F3688        LDR              r3, =pantalla
  323 00000304 E3A05048        mov              r5, #coche
  324 00000308 E0040291        mul              r4, r1, r2
  325 0000030C E0844000        add              r4, r4, r0
  326 00000310 E7C35004        strb             r5, [r3, r4]
  327 00000314 E8BD803F        pop{r0,          r1, r2, r3, r4, r5, pc}
  328 00000318         
  329 00000318         
  330 00000318         ;-------------------------------------------------------
                       --------------------------------------------------------
                       ------------------------------------------
  331 00000318         
  332 00000318         
  333 00000318         ;COLISION
  334 00000318         ;-------------------------------------------------------
                       --------------------------------------------------------
                       ------------------------------------------
  335 00000318         colision
  336 00000318 E52DE004        push{lr}
  337 0000031C E92D003F        push{r0-r5}
  338 00000320 E59F068C        LDR              r0,=dirx
  339 00000324 E5D00000        ldrb             r0,[r0]
  340 00000328 E59F1688        LDR              r1,=diry
  341 0000032C E5D11000        ldrb             r1,[r1]
  342 00000330 E3A02020        mov              r2, #columnas
  343 00000334 E59F3654        LDR              r3, =pantalla



ARM Macro Assembler    Page 9 


  344 00000338 E3A04023        mov              r4, #carretera
  345 0000033C E0050291        mul              r5, r1, r2
  346 00000340 E0855000        add              r5, r5, r0
  347 00000344 E7D36005        ldrb             r6, [r3, r5]
  348 00000348 E1560004        cmp              r6, r4
  349 0000034C 1A000002        bne              no_colision
  350 00000350 E59F0650        LDR              r0, =fin
  351 00000354 E3A01001        mov              r1, #1
  352 00000358 E5C01000        strb             r1,[r0]
  353 0000035C         no_colision
  354 0000035C E8BD803F        pop{r0,          r1, r2, r3, r4, r5, pc}
  355 00000360         
  356 00000360         
  357 00000360         ;-------------------------------------------------------
                       --------------------------------------------------------
                       ------------------------------------------
  358 00000360         
  359 00000360         
  360 00000360         ;BORRAR COCHE
  361 00000360         ;-------------------------------------------------------
                       --------------------------------------------------------
                       ------------------------------------------
  362 00000360         borrar_coche
  363 00000360 E52DE004        push{lr}
  364 00000364 E92D003F        push{r0-r5}
  365 00000368 E59F0644        LDR              r0,=dirx
  366 0000036C E5D00000        ldrb             r0,[r0]
  367 00000370 E59F1640        LDR              r1,=diry
  368 00000374 E5D11000        ldrb             r1,[r1]
  369 00000378 E59F2610        LDR              r2,=pantalla
  370 0000037C E3A03020        mov              r3,#espacio
  371 00000380 E3A04020        mov              r4,#columnas
  372 00000384 E0050491        mul              r5,r1,r4
  373 00000388 E0855000        add              r5,r5,r0
  374 0000038C E7C23005        strb             r3,[r2,r5]
  375 00000390         
  376 00000390 E8BD803F        pop{r0,          r1, r2, r3, r4, r5, pc}
  377 00000394         ;-------------------------------------------------------
                       --------------------------------------------------------
                       ------------------------------------------
  378 00000394         
  379 00000394         ;SUMAR PUNTOS
  380 00000394         ;-------------------------------------------------------
                       --------------------------------------------------------
                       ------------------------------------------
  381 00000394         sumar_puntos
  382 00000394 E52DE004        push{lr}
  383 00000398 E92D0003        push{r0,r1}
  384 0000039C E59F0618        LDR              r0,=puntuacion_u
  385 000003A0 E5D01000        ldrb             r1,[r0]
  386 000003A4 E3510039        cmp              r1,#57
  387 000003A8 0A000002        beq              decenas
  388 000003AC E2811001        add              r1,r1,#1
  389 000003B0 E5C01000        strb             r1,[r0]
  390 000003B4 EA000019        b                final_points
  391 000003B8         decenas
  392 000003B8 E3A01030        mov              r1,#48
  393 000003BC E5C01000        strb             r1,[r0]
  394 000003C0 E59F05F8        LDR              r0,=puntuacion_d



ARM Macro Assembler    Page 10 


  395 000003C4 E5D01000        ldrb             r1,[r0]
  396 000003C8 E3510039        cmp              r1,#57
  397 000003CC 0A000002        beq              centenas
  398 000003D0 E2811001        add              r1,r1,#1
  399 000003D4 E5C01000        strb             r1,[r0]
  400 000003D8 EA000010        b                final_points
  401 000003DC         centenas
  402 000003DC E3A01030        mov              r1,#48
  403 000003E0 E5C01000        strb             r1,[r0]
  404 000003E4 E59F05D8        LDR              r0,=puntuacion_c
  405 000003E8 E5D01000        ldrb             r1,[r0]
  406 000003EC E3510039        cmp              r1,#57
  407 000003F0 0A000002        beq              miles
  408 000003F4 E2811001        add              r1,r1,#1
  409 000003F8 E5C01000        strb             r1,[r0]
  410 000003FC EA000007        b                final_points
  411 00000400         miles
  412 00000400 E3A01030        mov              r1,#48
  413 00000404 E5C01000        strb             r1,[r0]
  414 00000408 E59F05B8        LDR              r0,=puntuacion_m
  415 0000040C E5D01000        ldrb             r1,[r0]
  416 00000410 E3510039        cmp              r1,#57
  417 00000414 0A000001        beq              final_points
  418 00000418 E2811001        add              r1,r1,#1
  419 0000041C E5C01000        strb             r1,[r0]
  420 00000420         
  421 00000420         final_points
  422 00000420         
  423 00000420 E8BD8003        pop{r0,r1,pc}
  424 00000424         
  425 00000424         ;-------------------------------------------------------
                       --------------------------------------------------------
                       ------------------------------------------
  426 00000424         
  427 00000424         
  428 00000424         ;PANTALLA GAMEOVER
  429 00000424         ;-------------------------------------------------------
                       --------------------------------------------------------
                       ------------------------------------------
  430 00000424         over
  431 00000424 E52DE004        push{lr}
  432 00000428 E92D003F        push{r0-r5}
  433 0000042C E59F055C        LDR              r0,=pantalla
  434 00000430 E3A01020        mov              r1,#espacio
  435 00000434 E3A02000        mov              r2,#0
  436 00000438 E3A04020        mov              r4,#columnas
  437 0000043C         for_over
  438 0000043C E3520010        cmp              r2,#16
  439 00000440 0A000008        beq              fin_over
  440 00000444 E3A03000        mov              r3,#0       ;i
  441 00000448         
  442 00000448         otro_for_over
  443 00000448 E3530020        cmp              r3,#32
  444 0000044C 02822001        addeq            r2,r2,#1
  445 00000450 0AFFFFF9        beq              for_over
  446 00000454 E0050294        mul              r5,r4,r2
  447 00000458 E0855003        add              r5,r5,r3
  448 0000045C E7C01005        strb             r1,[r0,r5]
  449 00000460 E2833001        add              r3,r3,#1



ARM Macro Assembler    Page 11 


  450 00000464 EAFFFFF7        b                otro_for_over
  451 00000468         
  452 00000468         fin_over
  453 00000468 E59F055C        LDR              r0,=game_over ;@ escribir el me
                                                            nsaje
  454 0000046C E3A02000        mov              r2,#0       ;i
  455 00000470 E59F1558        LDR              r1,=texto   ;texto
  456 00000474         for_texto
  457 00000474 E5D13000        ldrb             r3,[r1]
  458 00000478 E7C03002        strb             r3,[r0,r2]
  459 0000047C E2822001        add              r2,r2,#1
  460 00000480 E2811001        add              r1,r1,#1
  461 00000484 E3520009        cmp              r2,#9
  462 00000488 1AFFFFF9        bne              for_texto
  463 0000048C EB000000        bl               puntos
  464 00000490         
  465 00000490 E8BD803F        pop{r0,          r1, r2, r3, r4, r5, pc}
  466 00000494         
  467 00000494         ;-------------------------------------------------------
                       --------------------------------------------------------
                       ------------------------------------------
  468 00000494         
  469 00000494         ;PUNTUACION
  470 00000494         ;-------------------------------------------------------
                       --------------------------------------------------------
                       ------------------------------------------
  471 00000494         puntos
  472 00000494 E52DE004        push{lr}
  473 00000498 E92D000F        push{r0,r1,r2,r3}
  474 0000049C E59F0530        LDR              r0,=dir_puntos
  475 000004A0 E3A01000        mov              r1,#0
  476 000004A4 E59F252C        LDR              r2,=texto_7
  477 000004A8         for_puntos
  478 000004A8 E5D23000        ldrb             r3,[r2]
  479 000004AC E7C03001        strb             r3,[r0,r1]
  480 000004B0 E2811001        add              r1,r1,#1
  481 000004B4 E2822001        add              r2,r2,#1
  482 000004B8 E351000B        cmp              r1,#11
  483 000004BC 1AFFFFF9        bne              for_puntos
  484 000004C0 E59F2500        LDR              r2,=puntuacion_m ;miles
  485 000004C4 E5D22000        ldrb             r2,[r2]
  486 000004C8 E2811001        add              r1,r1,#1
  487 000004CC E7C02001        strb             r2,[r0,r1]
  488 000004D0 E59F24EC        LDR              r2,=puntuacion_c ;centenas
  489 000004D4 E5D22000        ldrb             r2,[r2]
  490 000004D8 E2811001        add              r1,r1,#1
  491 000004DC E7C02001        strb             r2,[r0,r1]
  492 000004E0 E59F24D8        LDR              r2,=puntuacion_d ;decenas
  493 000004E4 E5D22000        ldrb             r2,[r2]
  494 000004E8 E2811001        add              r1,r1,#1
  495 000004EC E7C02001        strb             r2,[r0,r1]
  496 000004F0 E59F24C4        LDR              r2,=puntuacion_u ;unidades
  497 000004F4 E5D22000        ldrb             r2,[r2]
  498 000004F8 E2811001        add              r1,r1,#1
  499 000004FC E7C02001        strb             r2,[r0,r1]
  500 00000500         
  501 00000500 E8BD800F        pop{r0,          r1, r2, r3, pc}
  502 00000504         ;-------------------------------------------------------
                       --------------------------------------------------------



ARM Macro Assembler    Page 12 


                       ------------------------------------------
  503 00000504         
  504 00000504         
  505 00000504         ;PAUSA
  506 00000504         ;-------------------------------------------------------
                       --------------------------------------------------------
                       ------------------------------------------
  507 00000504         pausa
  508 00000504 E52DE004        push{lr}
  509 00000508 E92D000F        push{r0,r1,r2,r3}
  510 0000050C E59F04C8        LDR              r0,=dir_pausa
  511 00000510 E3A01000        mov              r1,#0
  512 00000514 E59F24C4        LDR              r2,=texto_2
  513 00000518         for_pausa
  514 00000518 E5D23000        ldrb             r3,[r2]
  515 0000051C E7C03001        strb             r3,[r0,r1]
  516 00000520 E2811001        add              r1,r1,#1
  517 00000524 E2822001        add              r2,r2,#1
  518 00000528 E3510020        cmp              r1,#32
  519 0000052C 1AFFFFF9        bne              for_pausa
  520 00000530         
  521 00000530 E8BD800F        pop{r0,          r1, r2, r3, pc}
  522 00000534         ;-------------------------------------------------------
                       --------------------------------------------------------
                       ------------------------------------------
  523 00000534         
  524 00000534         ;ALMACENAR
  525 00000534         ;-------------------------------------------------------
                       --------------------------------------------------------
                       ------------------------------------------
  526 00000534         almacenar
  527 00000534 E52DE004        push{lr}
  528 00000538 E92D001F        push{r0,r1,r2,r3,r4}
  529 0000053C E59F0498        LDR              r0,=dir_pausa
  530 00000540 E3A01000        mov              r1,#0
  531 00000544 E3A02023        mov              r2,#carretera
  532 00000548 E3A04000        mov              r4,#0
  533 0000054C         for_almacenar
  534 0000054C E5D03000        ldrb             r3,[r0]
  535 00000550 E1530002        cmp              r3,r2
  536 00000554 1A000007        bne              no
  537 00000558 E3540001        cmp              r4,#1
  538 0000055C 0A000003        beq              segundo_almacen
  539 00000560 E59F347C        LDR              r3,=almacen_uno
  540 00000564 E5830000        str              r0,[r3]
  541 00000568 E2844001        add              r4,#1
  542 0000056C EA000001        b                no
  543 00000570         segundo_almacen
  544 00000570 E59F3470        LDR              r3,=almacen_dos
  545 00000574 E5830000        str              r0,[r3]
  546 00000578         no
  547 00000578 E2800001        add              r0,r0,#1
  548 0000057C E2811001        add              r1,r1,#1
  549 00000580 E3510020        cmp              r1,#32
  550 00000584 1AFFFFF0        bne              for_almacenar
  551 00000588         
  552 00000588 E8BD801F        pop{r0,          r1, r2, r3, r4, pc}
  553 0000058C         
  554 0000058C         ;-------------------------------------------------------



ARM Macro Assembler    Page 13 


                       --------------------------------------------------------
                       ------------------------------------------
  555 0000058C         
  556 0000058C         ;DESPAUSAR
  557 0000058C         ;-------------------------------------------------------
                       --------------------------------------------------------
                       ------------------------------------------
  558 0000058C         despausar
  559 0000058C E52DE004        push{lr}
  560 00000590 E92D0007        push{r0,r1,r2}
  561 00000594 E59F0440        LDR              r0,=dir_pausa
  562 00000598 E3A01000        mov              r1,#0
  563 0000059C E3A02020        mov              r2,#espacio
  564 000005A0         for_despausa
  565 000005A0 E7C02001        strb             r2,[r0,r1]
  566 000005A4 E2811001        add              r1,r1,#1
  567 000005A8 E3510020        cmp              r1,#32
  568 000005AC 1AFFFFFB        bne              for_despausa
  569 000005B0         
  570 000005B0 E3A02023        mov              r2,#carretera
  571 000005B4 E59F0428        LDR              r0,=almacen_uno
  572 000005B8 E5900000        ldr              r0,[r0]
  573 000005BC E59F1424        LDR              r1,=almacen_dos
  574 000005C0 E5911000        ldr              r1,[r1]
  575 000005C4 E5C02000        strb             r2,[r0]
  576 000005C8 E5C12000        strb             r2,[r1]
  577 000005CC         
  578 000005CC E8BD8007        pop{r0,          r1, r2, pc}
  579 000005D0         
  580 000005D0         ;-------------------------------------------------------
                       --------------------------------------------------------
                       ------------------------------------------
  581 000005D0         
  582 000005D0         ;CRÉDITOS
  583 000005D0         ;-------------------------------------------------------
                       --------------------------------------------------------
                       ------------------------------------------
  584 000005D0         creditos
  585 000005D0 E52DE004        push{lr}
  586 000005D4 E92D003F        push{r0,r1,r2,r3,r4,r5}
  587 000005D8 E59F03CC        LDR              r0,=credits
  588 000005DC E5D00000        ldrb             r0,[r0]
  589 000005E0 E3500001        cmp              r0,#1
  590 000005E4 1A000034        bne              fin_creditos
  591 000005E8         poner_creditos
  592 000005E8 E52DE004        push{lr}
  593 000005EC E92D003F        push{r0-r5}
  594 000005F0 E59F0398        LDR              r0,=pantalla
  595 000005F4 E3A01020        mov              r1,#espacio
  596 000005F8 E3A02000        mov              r2,#0
  597 000005FC E3A04020        mov              r4,#columnas
  598 00000600         for_credits
  599 00000600 E3520010        cmp              r2,#16
  600 00000604 0A000008        beq              fin_credits
  601 00000608 E3A03000        mov              r3,#0       ;i
  602 0000060C         
  603 0000060C         otro_for_credits
  604 0000060C E3530020        cmp              r3,#32
  605 00000610 02822001        addeq            r2,r2,#1



ARM Macro Assembler    Page 14 


  606 00000614 0AFFFFF9        beq              for_credits
  607 00000618 E0050294        mul              r5,r4,r2
  608 0000061C E0855003        add              r5,r5,r3
  609 00000620 E7C01005        strb             r1,[r0,r5]
  610 00000624 E2833001        add              r3,r3,#1
  611 00000628 EAFFFFF7        b                otro_for_credits
  612 0000062C         
  613 0000062C         fin_credits
  614 0000062C E59F03A8        LDR              r0,=dir_pausa ;@ escribir el me
                                                            nsaje
  615 00000630 E3A02000        mov              r2,#0       ;i
  616 00000634 E59F13B0        LDR              r1,=texto_3 ;texto
  617 00000638         for_texto_credits
  618 00000638 E5D13000        ldrb             r3,[r1]
  619 0000063C E7C03002        strb             r3,[r0,r2]
  620 00000640 E2822001        add              r2,r2,#1
  621 00000644 E2811001        add              r1,r1,#1
  622 00000648 E352000A        cmp              r2,#10
  623 0000064C 1AFFFFF9        bne              for_texto_credits
  624 00000650         
  625 00000650         
  626 00000650 E59F0398        LDR              r0,=dir_name ;@ escribir el men
                                                            saje
  627 00000654 E3A02000        mov              r2,#0       ;i
  628 00000658 E59F1394        LDR              r1,=texto_4 ;texto
  629 0000065C         for_texto_credits_name
  630 0000065C E5D13000        ldrb             r3,[r1]
  631 00000660 E7C03002        strb             r3,[r0,r2]
  632 00000664 E2822001        add              r2,r2,#1
  633 00000668 E2811001        add              r1,r1,#1
  634 0000066C E352001C        cmp              r2,#28
  635 00000670 1AFFFFF9        bne              for_texto_credits_name
  636 00000674         
  637 00000674         
  638 00000674 E59F037C        LDR              r0,=dir_dedicatoria ;@ escribir
                                                             el mensaje
  639 00000678 E3A02000        mov              r2,#0       ;i
  640 0000067C E59F1378        LDR              r1,=texto_5 ;texto
  641 00000680         for_texto_dedicar
  642 00000680 E5D13000        ldrb             r3,[r1]
  643 00000684 E7C03002        strb             r3,[r0,r2]
  644 00000688 E2822001        add              r2,r2,#1
  645 0000068C E2811001        add              r1,r1,#1
  646 00000690 E3520019        cmp              r2,#25
  647 00000694 1AFFFFF9        bne              for_texto_dedicar
  648 00000698         
  649 00000698         
  650 00000698 E59F0360        LDR              r0,=dir_dedicatoria_sig ;@ escr
                                                            ibir el mensaje
  651 0000069C E3A02000        mov              r2,#0       ;i
  652 000006A0 E59F135C        LDR              r1,=texto_6 ;texto
  653 000006A4         for_texto_dedicar_sig
  654 000006A4 E5D13000        ldrb             r3,[r1]
  655 000006A8 E7C03002        strb             r3,[r0,r2]
  656 000006AC E2822001        add              r2,r2,#1
  657 000006B0 E2811001        add              r1,r1,#1
  658 000006B4 E3520005        cmp              r2,#5
  659 000006B8 1AFFFFF9        bne              for_texto_dedicar_sig
  660 000006BC         fin_creditos



ARM Macro Assembler    Page 15 


  661 000006BC E8BD803F        pop{r0,          r1, r2, r3, r4, r5, pc}
  662 000006C0         ;-------------------------------------------------------
                       --------------------------------------------------------
                       ------------------------------------------
  663 000006C0         
  664 000006C0         ;RANDOMIZAR
  665 000006C0         ;-------------------------------------------------------
                       --------------------------------------------------------
                       ------------------------------------------
  666 000006C0         random
  667 000006C0 E52DE004        push{lr}
  668 000006C4 E92D001F        push{r0-r4}
  669 000006C8 E24DD004        sub              sp, sp, #4
  670 000006CC EBFFFFFE        bl               rand
  671 000006D0 E49D1004        pop              {r1}
  672 000006D4 E201300C        and              r3, r1, #12
  673 000006D8 E2011003        and              r1,r1,#3
  674 000006DC E3510001        cmp              r1,#1
  675 000006E0 0A000009        beq              n_veces
  676 000006E4 E3510002        cmp              r1,#2
  677 000006E8 0A000003        beq              izda
  678 000006EC         centro
  679 000006EC E3A02001        mov              r2,#1
  680 000006F0 E59F1310        LDR              r1,=medio
  681 000006F4 E5C12000        strb             r2,[r1]
  682 000006F8 EA000003        b                n_veces
  683 000006FC         izda
  684 000006FC E3A02001        mov              r2,#1
  685 00000700 E59F1304        LDR              r1,=izquierda
  686 00000704 E5C12000        strb             r2,[r1]
  687 00000708 EAFFFFFF        b                n_veces
  688 0000070C         n_veces
  689 0000070C E3A04000        mov              r4, #0
  690 00000710 E0843123        add              r3, r4, r3, LSR #2
  691 00000714 E59F42F4        LDR              r4, =num_veces
  692 00000718 E5C43000        strb             r3, [r4]
  693 0000071C E8BD801F        pop{r0,r1,r2,r3,r4,pc}
  694 00000720         
  695 00000720         ;-------------------------------------------------------
                       --------------------------------------------------------
                       ------------------------------------------
  696 00000720         
  697 00000720         ;GENERAR CARRETERA
  698 00000720         ;-------------------------------------------------------
                       --------------------------------------------------------
                       ------------------------------------------
  699 00000720         generar_carretera
  700 00000720 E52DE004        push{lr}
  701 00000724 E92D00FF        push{r0-r7}
  702 00000728 E59F02E0        LDR              r0, =num_veces
  703 0000072C E5D01000        ldrb             r1,[r0]
  704 00000730 E3510000        cmp              r1, #0
  705 00000734 DA000025        ble              generar_random
  706 00000738         principio
  707 00000738 E3A05020        mov              r5, #espacio
  708 0000073C E59F224C        LDR              r2,=pantalla
  709 00000740 E59F32CC        LDR              r3, =i_carretera
  710 00000744 E59F42CC        LDR              r4, =d_carretera
  711 00000748 E5D36000        ldrb             r6, [r3]    ;valor de i_carrete



ARM Macro Assembler    Page 16 


                                                            ra
  712 0000074C E5D47000        ldrb             r7, [r4]    ;valor de d_carrete
                                                            ra
  713 00000750 E7C25006        strb             r5,[r2,r6]
  714 00000754 E7C25007        strb             r5,[r2,r7]
  715 00000758 E59F52A8        LDR              r5,=medio
  716 0000075C E5D55000        ldrb             r5,[r5]     ;valor de medio
  717 00000760 E3550001        cmp              r5, #1
  718 00000764 1A000000        bne              ir_izquierda
  719 00000768 EA000010        b                recolocar_carretera
  720 0000076C         ir_izquierda
  721 0000076C E59F5298        LDR              r5,=izquierda
  722 00000770 E5D55000        ldrb             r5,[r5]     ;valor de izquierda
                                                            
  723 00000774 E3550001        cmp              r5, #1
  724 00000778 1A000006        bne              ir_derecha
  725 0000077C E2466001        sub              r6, r6, #1
  726 00000780 E3560000        cmp              r6, #0
  727 00000784 AA000001        bge              no_hacer_1
  728 00000788 E3A06000        mov              r6, #0
  729 0000078C EA000007        b                recolocar_carretera
  730 00000790         no_hacer_1
  731 00000790 E2477001        sub              r7, r7, #1
  732 00000794 EA000005        b                recolocar_carretera
  733 00000798         ir_derecha
  734 00000798 E2877001        add              r7, r7, #1
  735 0000079C E357001F        cmp              r7, #31
  736 000007A0 DA000001        ble              no_hacer_2
  737 000007A4 E3A0701F        mov              r7, #31
  738 000007A8 EA000000        b                recolocar_carretera
  739 000007AC         no_hacer_2
  740 000007AC E2866001        add              r6, r6, #1
  741 000007B0         recolocar_carretera
  742 000007B0 E3A05023        mov              r5, #carretera
  743 000007B4 E7C25006        strb             r5, [r2, r6]
  744 000007B8 E7C25007        strb             r5, [r2, r7]
  745 000007BC E2411001        sub              r1, r1, #1
  746 000007C0 E5C01000        strb             r1, [r0]
  747 000007C4 E5C36000        strb             r6, [r3]
  748 000007C8 E5C47000        strb             r7, [r4]
  749 000007CC EA000006        b                fin_generar
  750 000007D0         generar_random
  751 000007D0 E59F0230        LDR              r0, =medio
  752 000007D4 E59F1230        LDR              r1, =izquierda
  753 000007D8 E3A02000        mov              r2, #0
  754 000007DC E5C02000        strb             r2, [r0]
  755 000007E0 E5C12000        strb             r2, [r1]
  756 000007E4 EBFFFFB5        bl               random
  757 000007E8 EAFFFFD2        b                principio
  758 000007EC         fin_generar
  759 000007EC EBFFFEC9        bl               colision
  760 000007F0 E8BD80FF        pop{r0,r1,r2,r3,r4,r5,r6,r7,pc}
  761 000007F4         ;-------------------------------------------------------
                       --------------------------------------------------------
                       ------------------------------------------
  762 000007F4         
  763 000007F4         
  764 000007F4         ;TECLADO
  765 000007F4         ;-------------------------------------------------------



ARM Macro Assembler    Page 17 


                       --------------------------------------------------------
                       ------------------------------------------
  766 000007F4         RSI_teclado
  767 000007F4 E24EE004        sub              lr, lr, #4
  768 000007F8 E52DE004        push{lr}
  769 000007FC E14FE000        mrs              r14, spsr
  770 00000800 E52DE004        push{r14}
  771 00000804 E92D000F        push{r0,r1,r2,r3}
  772 00000808 E10F1000        mrs              r1,cpsr
  773 0000080C E3C11080        bic              r1,r1,#I_Bit
  774 00000810 E121F001        msr              cpsr_c, r1
  775 00000814         ;Transferencia 
  776 00000814 E59F1200        LDR              r1,=RDAT
  777 00000818 E5D12000        ldrb             r2,[r1]     ;r2=tecla pulsada
  778 0000081C         ;Tratamiento
  779 0000081C E3C22020        bic              r2,r2,#2_100000
  780 00000820 E3520050        cmp              r2,#80      ;Tecla P provoca pa
                                                            usa 
  781 00000824 1A00000B        bne              cont
  782 00000828 E59F1168        LDR              r1,=pausita
  783 0000082C E5D13000        ldrb             r3,[r1]
  784 00000830 E3530001        cmp              r3,#1
  785 00000834 1A000003        bne              cambio
  786 00000838 E59F1158        LDR              r1,=pausita
  787 0000083C E3A03000        mov              r3,#0
  788 00000840 E5C13000        strb             r3,[r1]
  789 00000844 EA000028        b                teclado_fin
  790 00000848         cambio
  791 00000848 E59F1148        LDR              r1,=pausita
  792 0000084C E3A03001        mov              r3,#1
  793 00000850 E5C13000        strb             r3,[r1]
  794 00000854 EA000024        b                teclado_fin
  795 00000858         cont
  796 00000858 E59F1138        LDR              r1,=pausita
  797 0000085C E5D13000        ldrb             r3,[r1]
  798 00000860 E3530001        cmp              r3,#1
  799 00000864 0A000018        beq              creditos_tec
  800 00000868 E3520051        cmp              r2,#81      ;Tecla Q hace que f
                                                            inalice el juego
  801 0000086C 1A000002        bne              mas
  802 00000870 E59F1130        LDR              r1,=fin
  803 00000874 E3A02001        mov              r2,#1
  804 00000878 E5C12000        strb             r2,[r1]
  805 0000087C         
  806 0000087C         mas
  807 0000087C E352000B        cmp              r2,#11
  808 00000880 1A000007        bne              menos
  809 00000884 E59F1118        LDR              r1,=max
  810 00000888 E5910000        ldr              r0,[r1]
  811 0000088C E3500001        cmp              r0,#1
  812 00000890 0A000015        beq              teclado_fin
  813 00000894 E3A03000        mov              r3,#0
  814 00000898 E08330A0        add              r3,r3,r0,LSR #1
  815 0000089C E5813000        str              r3,[r1]
  816 000008A0 EA000011        b                teclado_fin
  817 000008A4         
  818 000008A4         menos
  819 000008A4 E352000D        cmp              r2,#13
  820 000008A8 1A00000D        bne              sigue



ARM Macro Assembler    Page 18 


  821 000008AC E59F10F0        LDR              r1,=max
  822 000008B0 E5910000        ldr              r0,[r1]
  823 000008B4 E3500080        cmp              r0,#128
  824 000008B8 0A00000B        beq              teclado_fin
  825 000008BC E3A03000        mov              r3,#0
  826 000008C0 E0833080        add              r3,r3,r0,LSL #1
  827 000008C4 E5813000        str              r3,[r1]
  828 000008C8 EA000007        b                teclado_fin
  829 000008CC         
  830 000008CC         creditos_tec
  831 000008CC E3520043        cmp              r2,#67
  832 000008D0 1A000005        bne              teclado_fin
  833 000008D4 E59F00D0        LDR              r0,=credits
  834 000008D8 E3A01001        mov              r1,#1
  835 000008DC E5C01000        strb             r1,[r0]
  836 000008E0 EA000001        b                teclado_fin
  837 000008E4         
  838 000008E4         sigue
  839 000008E4 E59F10B0        LDR              r1, =tecla_pulsada
  840 000008E8 E5812000        str              r2, [r1]
  841 000008EC         
  842 000008EC         teclado_fin
  843 000008EC E10F1000        mrs              r1,cpsr
  844 000008F0 E3811080        orr              r1,r1,#I_Bit
  845 000008F4 E12FF001        msr              cpsr_cxsf,r1
  846 000008F8         
  847 000008F8 E8BD000F        pop              {r0,r1,r2,r3}
  848 000008FC E49DE004        pop              {r14}
  849 00000900 E16FF00E        msr              spsr_cxsf, r14
  850 00000904 E59FE114        ldr              r14,=VICVectAddr
  851 00000908 E58EE000        str              r14, [r14]
  852 0000090C E8FD8000        pop              {pc}^
  853 00000910         ;-------------------------------------------------------
                       --------------------------------------------------------
                       ------------------------------------------
  854 00000910         
  855 00000910         
  856 00000910         ;TIMER
  857 00000910         ;-------------------------------------------------------
                       --------------------------------------------------------
                       ------------------------------------------
  858 00000910         RSI_timer
  859 00000910 E24EE004        sub              lr, lr, #4
  860 00000914 E52DE004        push{lr}
  861 00000918 E14FE000        mrs              r14, spsr
  862 0000091C E52DE004        push{r14}
  863 00000920 E92D0003        push{r0,r1}
  864 00000924 E10F1000        mrs              r1,cpsr
  865 00000928 E3C11080        bic              r1,r1,#I_Bit
  866 0000092C E121F001        msr              cpsr_c, r1
  867 00000930 E59F00EC        ldr              r0,=T0_IR
  868 00000934 E3A01001        mov              r1,#1
  869 00000938 E5801000        str              r1,[r0]
  870 0000093C         
  871 0000093C E59F0054        LDR              r0,=pausita
  872 00000940 E5D00000        ldrb             r0,[r0]
  873 00000944 E3500001        cmp              r0,#1
  874 00000948 0A000003        beq              ZA_WARUDO
  875 0000094C         



ARM Macro Assembler    Page 19 


  876 0000094C E59F004C        ldr              r0,=contador
  877 00000950 E5901000        ldr              r1, [r0]
  878 00000954 E2811001        add              r1,r1,#1
  879 00000958 E5801000        str              r1,[r0]
  880 0000095C         
  881 0000095C         ZA_WARUDO
  882 0000095C E10F1000        mrs              r1,cpsr
  883 00000960 E3811080        orr              r1,r1,#I_Bit
  884 00000964 E12FF001        msr              cpsr_cxsf,r1
  885 00000968         
  886 00000968 E8BD0003        pop              {r0,r1}
  887 0000096C E49DE004        pop              {r14}
  888 00000970 E16FF00E        msr              spsr_cxsf, r14
  889 00000974 E59FE0A4        ldr              r14,=VICVectAddr
  890 00000978 E58EE000        str              r14, [r14]
  891 0000097C E8FD8000        pop              {pc}^
  892 00000980         ;-------------------------------------------------------
                       --------------------------------------------------------
                       ------------------------------------------ 
  893 00000980         
  894 00000980                 END
              FFFFF100 
              00000000 
              FFFFF010 
              00000000 
              40007E00 
              00000000 
              00000000 
              00000000 
              00000000 
              00000000 
              00000000 
              00000000 
              FFFFF014 
              00000000 
              00000000 
              00000000 
              00000000 
              00000000 
              00000000 
              40007EE9 
              00000000 
              40007F09 
              00000000 
              40007EE0 
              00000000 
              00000000 
              00000000 
              00000000 
              40007F00 
              00000000 
              40007FA0 
              00000000 
              40007FC0 
              00000000 
              00000000 
              00000000 
              00000000 
              00000000 



ARM Macro Assembler    Page 20 


              00000000 
              E0010000 
              FFFFF030 
              E0004000 
Command Line: --debug --xref --diag_suppress=9931 --apcs=interwork --depend=.\p
rac5.d -o.\prac5.o -IC:\Keil_v5\ARM\RV31\INC -IC:\Keil_v5\ARM\CMSIS\Include -IC
:\Keil_v5\ARM\INC\Philips --predefine="__EVAL SETA 1" --predefine="__UVISION_VE
RSION SETA 526" --list=.\prac5.lst prac5.s



ARM Macro Assembler    Page 1 Alphabetic symbol ordering
Relocatable symbols

almacen_dos 00000010

Symbol: almacen_dos
   Definitions
      At line 9 in file prac5.s
   Uses
      At line 544 in file prac5.s
      At line 573 in file prac5.s

almacen_uno 0000000C

Symbol: almacen_uno
   Definitions
      At line 8 in file prac5.s
   Uses
      At line 539 in file prac5.s
      At line 571 in file prac5.s

contador 00000008

Symbol: contador
   Definitions
      At line 7 in file prac5.s
   Uses
      At line 112 in file prac5.s
      At line 118 in file prac5.s
      At line 876 in file prac5.s

credits 00000030

Symbol: credits
   Definitions
      At line 26 in file prac5.s
   Uses
      At line 140 in file prac5.s
      At line 587 in file prac5.s
      At line 833 in file prac5.s

d_carretera 00000018

Symbol: d_carretera
   Definitions
      At line 11 in file prac5.s
   Uses
      At line 710 in file prac5.s
Comment: d_carretera used once
datos 00000000

Symbol: datos
   Definitions
      At line 1 in file prac5.s
   Uses
      None
Comment: datos unused
dirx 00000029

Symbol: dirx
   Definitions
      At line 19 in file prac5.s



ARM Macro Assembler    Page 2 Alphabetic symbol ordering
Relocatable symbols

   Uses
      At line 197 in file prac5.s
      At line 251 in file prac5.s
      At line 275 in file prac5.s
      At line 317 in file prac5.s
      At line 338 in file prac5.s
      At line 365 in file prac5.s

diry 0000002A

Symbol: diry
   Definitions
      At line 20 in file prac5.s
   Uses
      At line 199 in file prac5.s
      At line 253 in file prac5.s
      At line 291 in file prac5.s
      At line 319 in file prac5.s
      At line 340 in file prac5.s
      At line 367 in file prac5.s

fin 0000002E

Symbol: fin
   Definitions
      At line 24 in file prac5.s
   Uses
      At line 128 in file prac5.s
      At line 350 in file prac5.s
      At line 802 in file prac5.s

i_carretera 00000014

Symbol: i_carretera
   Definitions
      At line 10 in file prac5.s
   Uses
      At line 709 in file prac5.s
Comment: i_carretera used once
iteraciones 00000028

Symbol: iteraciones
   Definitions
      At line 18 in file prac5.s
   Uses
      None
Comment: iteraciones unused
izquierda 0000002B

Symbol: izquierda
   Definitions
      At line 21 in file prac5.s
   Uses
      At line 685 in file prac5.s
      At line 721 in file prac5.s
      At line 752 in file prac5.s

max 00000004




ARM Macro Assembler    Page 3 Alphabetic symbol ordering
Relocatable symbols

Symbol: max
   Definitions
      At line 6 in file prac5.s
   Uses
      At line 114 in file prac5.s
      At line 809 in file prac5.s
      At line 821 in file prac5.s

medio 0000002C

Symbol: medio
   Definitions
      At line 22 in file prac5.s
   Uses
      At line 680 in file prac5.s
      At line 715 in file prac5.s
      At line 751 in file prac5.s

num_veces 0000002D

Symbol: num_veces
   Definitions
      At line 23 in file prac5.s
   Uses
      At line 691 in file prac5.s
      At line 702 in file prac5.s

pausita 0000002F

Symbol: pausita
   Definitions
      At line 25 in file prac5.s
   Uses
      At line 101 in file prac5.s
      At line 145 in file prac5.s
      At line 782 in file prac5.s
      At line 786 in file prac5.s
      At line 791 in file prac5.s
      At line 796 in file prac5.s
      At line 871 in file prac5.s

puntuacion_c 00000026

Symbol: puntuacion_c
   Definitions
      At line 16 in file prac5.s
   Uses
      At line 404 in file prac5.s
      At line 488 in file prac5.s

puntuacion_d 00000025

Symbol: puntuacion_d
   Definitions
      At line 15 in file prac5.s
   Uses
      At line 394 in file prac5.s
      At line 492 in file prac5.s




ARM Macro Assembler    Page 4 Alphabetic symbol ordering
Relocatable symbols

puntuacion_m 00000027

Symbol: puntuacion_m
   Definitions
      At line 17 in file prac5.s
   Uses
      At line 414 in file prac5.s
      At line 484 in file prac5.s

puntuacion_u 00000024

Symbol: puntuacion_u
   Definitions
      At line 14 in file prac5.s
   Uses
      At line 384 in file prac5.s
      At line 496 in file prac5.s

reloj 00000000

Symbol: reloj
   Definitions
      At line 5 in file prac5.s
   Uses
      None
Comment: reloj unused
semilla 0000001C

Symbol: semilla
   Definitions
      At line 12 in file prac5.s
   Uses
      At line 91 in file prac5.s
Comment: semilla used once
tecla_pulsada 00000020

Symbol: tecla_pulsada
   Definitions
      At line 13 in file prac5.s
   Uses
      At line 106 in file prac5.s
      At line 273 in file prac5.s
      At line 313 in file prac5.s
      At line 839 in file prac5.s

texto 00000031

Symbol: texto
   Definitions
      At line 27 in file prac5.s
   Uses
      At line 455 in file prac5.s
Comment: texto used once
texto_2 0000003A

Symbol: texto_2
   Definitions
      At line 28 in file prac5.s
   Uses



ARM Macro Assembler    Page 5 Alphabetic symbol ordering
Relocatable symbols

      At line 512 in file prac5.s
Comment: texto_2 used once
texto_3 0000005A

Symbol: texto_3
   Definitions
      At line 29 in file prac5.s
   Uses
      At line 616 in file prac5.s
Comment: texto_3 used once
texto_4 00000064

Symbol: texto_4
   Definitions
      At line 30 in file prac5.s
   Uses
      At line 628 in file prac5.s
Comment: texto_4 used once
texto_5 00000080

Symbol: texto_5
   Definitions
      At line 31 in file prac5.s
   Uses
      At line 640 in file prac5.s
Comment: texto_5 used once
texto_6 00000099

Symbol: texto_6
   Definitions
      At line 32 in file prac5.s
   Uses
      At line 652 in file prac5.s
Comment: texto_6 used once
texto_7 0000009E

Symbol: texto_7
   Definitions
      At line 33 in file prac5.s
   Uses
      At line 476 in file prac5.s
Comment: texto_7 used once
30 symbols



ARM Macro Assembler    Page 1 Alphabetic symbol ordering
Relocatable symbols

I 000002C0

Symbol: I
   Definitions
      At line 302 in file prac5.s
   Uses
      At line 296 in file prac5.s
Comment: I used once
J 00000274

Symbol: J
   Definitions
      At line 277 in file prac5.s
   Uses
      None
Comment: J unused
K 000002A4

Symbol: K
   Definitions
      At line 294 in file prac5.s
   Uses
      None
Comment: K unused
L 00000288

Symbol: L
   Definitions
      At line 283 in file prac5.s
   Uses
      At line 279 in file prac5.s
Comment: L used once
RSI_teclado 000007F4

Symbol: RSI_teclado
   Definitions
      At line 766 in file prac5.s
   Uses
      At line 67 in file prac5.s
Comment: RSI_teclado used once
RSI_timer 00000910

Symbol: RSI_timer
   Definitions
      At line 858 in file prac5.s
   Uses
      At line 75 in file prac5.s
Comment: RSI_timer used once
ZA_WARUDO 0000095C

Symbol: ZA_WARUDO
   Definitions
      At line 881 in file prac5.s
   Uses
      At line 874 in file prac5.s
Comment: ZA_WARUDO used once
act_carretera 000001A8

Symbol: act_carretera



ARM Macro Assembler    Page 2 Alphabetic symbol ordering
Relocatable symbols

   Definitions
      At line 211 in file prac5.s
   Uses
      At line 122 in file prac5.s
Comment: act_carretera used once
almacenar 00000534

Symbol: almacenar
   Definitions
      At line 526 in file prac5.s
   Uses
      At line 137 in file prac5.s
Comment: almacenar used once
borrar_coche 00000360

Symbol: borrar_coche
   Definitions
      At line 362 in file prac5.s
   Uses
      At line 219 in file prac5.s
      At line 272 in file prac5.s

bucle 00000064

Symbol: bucle
   Definitions
      At line 99 in file prac5.s
   Uses
      At line 131 in file prac5.s
      At line 150 in file prac5.s

cambio 00000848

Symbol: cambio
   Definitions
      At line 790 in file prac5.s
   Uses
      At line 785 in file prac5.s
Comment: cambio used once
centenas 000003DC

Symbol: centenas
   Definitions
      At line 401 in file prac5.s
   Uses
      At line 397 in file prac5.s
Comment: centenas used once
centro 000006EC

Symbol: centro
   Definitions
      At line 678 in file prac5.s
   Uses
      None
Comment: centro unused
codigo 00000000

Symbol: codigo
   Definitions



ARM Macro Assembler    Page 3 Alphabetic symbol ordering
Relocatable symbols

      At line 58 in file prac5.s
   Uses
      None
Comment: codigo unused
colision 00000318

Symbol: colision
   Definitions
      At line 335 in file prac5.s
   Uses
      At line 250 in file prac5.s
      At line 316 in file prac5.s
      At line 759 in file prac5.s

comprobar_fin 000000B8

Symbol: comprobar_fin
   Definitions
      At line 127 in file prac5.s
   Uses
      At line 117 in file prac5.s
Comment: comprobar_fin used once
cont 00000858

Symbol: cont
   Definitions
      At line 795 in file prac5.s
   Uses
      At line 781 in file prac5.s
Comment: cont used once
cordY 0000029C

Symbol: cordY
   Definitions
      At line 290 in file prac5.s
   Uses
      At line 285 in file prac5.s
Comment: cordY used once
creditos 000005D0

Symbol: creditos
   Definitions
      At line 584 in file prac5.s
   Uses
      At line 143 in file prac5.s
Comment: creditos used once
creditos_tec 000008CC

Symbol: creditos_tec
   Definitions
      At line 830 in file prac5.s
   Uses
      At line 799 in file prac5.s
Comment: creditos_tec used once
decenas 000003B8

Symbol: decenas
   Definitions
      At line 391 in file prac5.s



ARM Macro Assembler    Page 4 Alphabetic symbol ordering
Relocatable symbols

   Uses
      At line 387 in file prac5.s
Comment: decenas used once
deshab 00000104

Symbol: deshab
   Definitions
      At line 153 in file prac5.s
   Uses
      At line 134 in file prac5.s
      At line 144 in file prac5.s

despausar 0000058C

Symbol: despausar
   Definitions
      At line 558 in file prac5.s
   Uses
      At line 149 in file prac5.s
Comment: despausar used once
fin_carretera 00000214

Symbol: fin_carretera
   Definitions
      At line 244 in file prac5.s
   Uses
      At line 229 in file prac5.s
Comment: fin_carretera used once
fin_creditos 000006BC

Symbol: fin_creditos
   Definitions
      At line 660 in file prac5.s
   Uses
      At line 590 in file prac5.s
Comment: fin_creditos used once
fin_credits 0000062C

Symbol: fin_credits
   Definitions
      At line 613 in file prac5.s
   Uses
      At line 600 in file prac5.s
Comment: fin_credits used once
fin_generar 000007EC

Symbol: fin_generar
   Definitions
      At line 758 in file prac5.s
   Uses
      At line 749 in file prac5.s
Comment: fin_generar used once
fin_mover 000002DC

Symbol: fin_mover
   Definitions
      At line 312 in file prac5.s
   Uses
      At line 282 in file prac5.s



ARM Macro Assembler    Page 5 Alphabetic symbol ordering
Relocatable symbols

      At line 288 in file prac5.s
      At line 298 in file prac5.s
      At line 301 in file prac5.s
      At line 304 in file prac5.s
      At line 309 in file prac5.s

fin_over 00000468

Symbol: fin_over
   Definitions
      At line 452 in file prac5.s
   Uses
      At line 439 in file prac5.s
Comment: fin_over used once
final 00000118

Symbol: final
   Definitions
      At line 161 in file prac5.s
   Uses
      At line 161 in file prac5.s
Comment: final used once
final_points 00000420

Symbol: final_points
   Definitions
      At line 421 in file prac5.s
   Uses
      At line 390 in file prac5.s
      At line 400 in file prac5.s
      At line 410 in file prac5.s
      At line 417 in file prac5.s

for 000001E0

Symbol: for
   Definitions
      At line 227 in file prac5.s
   Uses
      At line 235 in file prac5.s
Comment: for used once
for_1 0000013C

Symbol: for_1
   Definitions
      At line 174 in file prac5.s
   Uses
      At line 181 in file prac5.s
Comment: for_1 used once
for_2 00000148

Symbol: for_2
   Definitions
      At line 178 in file prac5.s
   Uses
      At line 190 in file prac5.s
      At line 194 in file prac5.s

for_almacenar 0000054C



ARM Macro Assembler    Page 6 Alphabetic symbol ordering
Relocatable symbols


Symbol: for_almacenar
   Definitions
      At line 533 in file prac5.s
   Uses
      At line 550 in file prac5.s
Comment: for_almacenar used once
for_credits 00000600

Symbol: for_credits
   Definitions
      At line 598 in file prac5.s
   Uses
      At line 606 in file prac5.s
Comment: for_credits used once
for_despausa 000005A0

Symbol: for_despausa
   Definitions
      At line 564 in file prac5.s
   Uses
      At line 568 in file prac5.s
Comment: for_despausa used once
for_over 0000043C

Symbol: for_over
   Definitions
      At line 437 in file prac5.s
   Uses
      At line 445 in file prac5.s
Comment: for_over used once
for_pausa 00000518

Symbol: for_pausa
   Definitions
      At line 513 in file prac5.s
   Uses
      At line 519 in file prac5.s
Comment: for_pausa used once
for_puntos 000004A8

Symbol: for_puntos
   Definitions
      At line 477 in file prac5.s
   Uses
      At line 483 in file prac5.s
Comment: for_puntos used once
for_texto 00000474

Symbol: for_texto
   Definitions
      At line 456 in file prac5.s
   Uses
      At line 462 in file prac5.s
Comment: for_texto used once
for_texto_credits 00000638

Symbol: for_texto_credits
   Definitions



ARM Macro Assembler    Page 7 Alphabetic symbol ordering
Relocatable symbols

      At line 617 in file prac5.s
   Uses
      At line 623 in file prac5.s
Comment: for_texto_credits used once
for_texto_credits_name 0000065C

Symbol: for_texto_credits_name
   Definitions
      At line 629 in file prac5.s
   Uses
      At line 635 in file prac5.s
Comment: for_texto_credits_name used once
for_texto_dedicar 00000680

Symbol: for_texto_dedicar
   Definitions
      At line 641 in file prac5.s
   Uses
      At line 647 in file prac5.s
Comment: for_texto_dedicar used once
for_texto_dedicar_sig 000006A4

Symbol: for_texto_dedicar_sig
   Definitions
      At line 653 in file prac5.s
   Uses
      At line 659 in file prac5.s
Comment: for_texto_dedicar_sig used once
generar_carretera 00000720

Symbol: generar_carretera
   Definitions
      At line 699 in file prac5.s
   Uses
      At line 123 in file prac5.s
Comment: generar_carretera used once
generar_random 000007D0

Symbol: generar_random
   Definitions
      At line 750 in file prac5.s
   Uses
      At line 705 in file prac5.s
Comment: generar_random used once
hastag 00000178

Symbol: hastag
   Definitions
      At line 191 in file prac5.s
   Uses
      At line 185 in file prac5.s
      At line 187 in file prac5.s

ini_pantalla 0000011C

Symbol: ini_pantalla
   Definitions
      At line 165 in file prac5.s
   Uses



ARM Macro Assembler    Page 8 Alphabetic symbol ordering
Relocatable symbols

      At line 89 in file prac5.s
Comment: ini_pantalla used once
inicio 00000000

Symbol: inicio
   Definitions
      At line 62 in file prac5.s
   Uses
      At line 59 in file prac5.s
Comment: inicio used once
ir_derecha 00000798

Symbol: ir_derecha
   Definitions
      At line 733 in file prac5.s
   Uses
      At line 724 in file prac5.s
Comment: ir_derecha used once
ir_izquierda 0000076C

Symbol: ir_izquierda
   Definitions
      At line 720 in file prac5.s
   Uses
      At line 718 in file prac5.s
Comment: ir_izquierda used once
izda 000006FC

Symbol: izda
   Definitions
      At line 683 in file prac5.s
   Uses
      At line 677 in file prac5.s
Comment: izda used once
main 0000003C

Symbol: main
   Definitions
      At line 86 in file prac5.s
   Uses
      At line 82 in file prac5.s
Comment: main used once
mas 0000087C

Symbol: mas
   Definitions
      At line 806 in file prac5.s
   Uses
      At line 801 in file prac5.s
Comment: mas used once
menos 000008A4

Symbol: menos
   Definitions
      At line 818 in file prac5.s
   Uses
      At line 808 in file prac5.s
Comment: menos used once
miles 00000400



ARM Macro Assembler    Page 9 Alphabetic symbol ordering
Relocatable symbols


Symbol: miles
   Definitions
      At line 411 in file prac5.s
   Uses
      At line 407 in file prac5.s
Comment: miles used once
mover_coche 00000258

Symbol: mover_coche
   Definitions
      At line 269 in file prac5.s
   Uses
      At line 109 in file prac5.s
      At line 124 in file prac5.s

n_veces 0000070C

Symbol: n_veces
   Definitions
      At line 688 in file prac5.s
   Uses
      At line 675 in file prac5.s
      At line 682 in file prac5.s
      At line 687 in file prac5.s

no 00000578

Symbol: no
   Definitions
      At line 546 in file prac5.s
   Uses
      At line 536 in file prac5.s
      At line 542 in file prac5.s

no_colision 0000035C

Symbol: no_colision
   Definitions
      At line 353 in file prac5.s
   Uses
      At line 349 in file prac5.s
Comment: no_colision used once
no_hacer_1 00000790

Symbol: no_hacer_1
   Definitions
      At line 730 in file prac5.s
   Uses
      At line 727 in file prac5.s
Comment: no_hacer_1 used once
no_hacer_2 000007AC

Symbol: no_hacer_2
   Definitions
      At line 739 in file prac5.s
   Uses
      At line 736 in file prac5.s
Comment: no_hacer_2 used once



ARM Macro Assembler    Page 10 Alphabetic symbol ordering
Relocatable symbols

otro_for 000001EC

Symbol: otro_for
   Definitions
      At line 232 in file prac5.s
   Uses
      At line 242 in file prac5.s
Comment: otro_for used once
otro_for_credits 0000060C

Symbol: otro_for_credits
   Definitions
      At line 603 in file prac5.s
   Uses
      At line 611 in file prac5.s
Comment: otro_for_credits used once
otro_for_over 00000448

Symbol: otro_for_over
   Definitions
      At line 442 in file prac5.s
   Uses
      At line 450 in file prac5.s
Comment: otro_for_over used once
over 00000424

Symbol: over
   Definitions
      At line 430 in file prac5.s
   Uses
      At line 133 in file prac5.s
Comment: over used once
pausa 00000504

Symbol: pausa
   Definitions
      At line 507 in file prac5.s
   Uses
      At line 138 in file prac5.s
Comment: pausa used once
pausa_sigue 000000D8

Symbol: pausa_sigue
   Definitions
      At line 139 in file prac5.s
   Uses
      At line 148 in file prac5.s
Comment: pausa_sigue used once
pausado 000000D0

Symbol: pausado
   Definitions
      At line 136 in file prac5.s
   Uses
      At line 104 in file prac5.s
Comment: pausado used once
poner_coche 00000184

Symbol: poner_coche



ARM Macro Assembler    Page 11 Alphabetic symbol ordering
Relocatable symbols

   Definitions
      At line 195 in file prac5.s
   Uses
      At line 176 in file prac5.s
Comment: poner_coche used once
poner_creditos 000005E8

Symbol: poner_creditos
   Definitions
      At line 591 in file prac5.s
   Uses
      None
Comment: poner_creditos unused
principio 00000738

Symbol: principio
   Definitions
      At line 706 in file prac5.s
   Uses
      At line 757 in file prac5.s
Comment: principio used once
puntos 00000494

Symbol: puntos
   Definitions
      At line 471 in file prac5.s
   Uses
      At line 463 in file prac5.s
Comment: puntos used once
random 000006C0

Symbol: random
   Definitions
      At line 666 in file prac5.s
   Uses
      At line 96 in file prac5.s
      At line 756 in file prac5.s

recolocar_carretera 000007B0

Symbol: recolocar_carretera
   Definitions
      At line 741 in file prac5.s
   Uses
      At line 719 in file prac5.s
      At line 729 in file prac5.s
      At line 732 in file prac5.s
      At line 738 in file prac5.s

segundo_almacen 00000570

Symbol: segundo_almacen
   Definitions
      At line 543 in file prac5.s
   Uses
      At line 538 in file prac5.s
Comment: segundo_almacen used once
sigue 000008E4




ARM Macro Assembler    Page 12 Alphabetic symbol ordering
Relocatable symbols

Symbol: sigue
   Definitions
      At line 838 in file prac5.s
   Uses
      At line 820 in file prac5.s
Comment: sigue used once
sumar_puntos 00000394

Symbol: sumar_puntos
   Definitions
      At line 381 in file prac5.s
   Uses
      At line 121 in file prac5.s
Comment: sumar_puntos used once
teclado_fin 000008EC

Symbol: teclado_fin
   Definitions
      At line 842 in file prac5.s
   Uses
      At line 789 in file prac5.s
      At line 794 in file prac5.s
      At line 812 in file prac5.s
      At line 816 in file prac5.s
      At line 824 in file prac5.s
      At line 828 in file prac5.s
      At line 832 in file prac5.s
      At line 836 in file prac5.s

81 symbols



ARM Macro Assembler    Page 1 Alphabetic symbol ordering
Absolute symbols

IOCLR E002800C

Symbol: IOCLR
   Definitions
      At line 42 in file prac5.s
   Uses
      None
Comment: IOCLR unused
IOSET E0028004

Symbol: IOSET
   Definitions
      At line 41 in file prac5.s
   Uses
      None
Comment: IOSET unused
I_Bit 00000080

Symbol: I_Bit
   Definitions
      At line 34 in file prac5.s
   Uses
      At line 773 in file prac5.s
      At line 844 in file prac5.s
      At line 865 in file prac5.s
      At line 883 in file prac5.s

RDAT E0010000

Symbol: RDAT
   Definitions
      At line 40 in file prac5.s
   Uses
      At line 776 in file prac5.s
Comment: RDAT used once
T0_IR E0004000

Symbol: T0_IR
   Definitions
      At line 35 in file prac5.s
   Uses
      At line 867 in file prac5.s
Comment: T0_IR used once
VICIntEnClr FFFFF014

Symbol: VICIntEnClr
   Definitions
      At line 39 in file prac5.s
   Uses
      At line 154 in file prac5.s
      At line 214 in file prac5.s

VICIntEnable FFFFF010

Symbol: VICIntEnable
   Definitions
      At line 38 in file prac5.s
   Uses
      At line 70 in file prac5.s



ARM Macro Assembler    Page 2 Alphabetic symbol ordering
Absolute symbols

      At line 78 in file prac5.s
      At line 245 in file prac5.s

VICVectAddr FFFFF030

Symbol: VICVectAddr
   Definitions
      At line 37 in file prac5.s
   Uses
      At line 850 in file prac5.s
      At line 889 in file prac5.s

VICVectAddr0 FFFFF100

Symbol: VICVectAddr0
   Definitions
      At line 36 in file prac5.s
   Uses
      At line 66 in file prac5.s
      At line 74 in file prac5.s

carretera 00000023

Symbol: carretera
   Definitions
      At line 52 in file prac5.s
   Uses
      At line 170 in file prac5.s
      At line 223 in file prac5.s
      At line 344 in file prac5.s
      At line 531 in file prac5.s
      At line 570 in file prac5.s
      At line 742 in file prac5.s

coche 00000048

Symbol: coche
   Definitions
      At line 54 in file prac5.s
   Uses
      At line 196 in file prac5.s
      At line 226 in file prac5.s
      At line 257 in file prac5.s
      At line 323 in file prac5.s

columnas 00000020

Symbol: columnas
   Definitions
      At line 51 in file prac5.s
   Uses
      At line 172 in file prac5.s
      At line 225 in file prac5.s
      At line 255 in file prac5.s
      At line 321 in file prac5.s
      At line 342 in file prac5.s
      At line 371 in file prac5.s
      At line 436 in file prac5.s
      At line 597 in file prac5.s



ARM Macro Assembler    Page 3 Alphabetic symbol ordering
Absolute symbols


dir_dedicatoria 40007FA0

Symbol: dir_dedicatoria
   Definitions
      At line 48 in file prac5.s
   Uses
      At line 638 in file prac5.s
Comment: dir_dedicatoria used once
dir_dedicatoria_sig 40007FC0

Symbol: dir_dedicatoria_sig
   Definitions
      At line 49 in file prac5.s
   Uses
      At line 650 in file prac5.s
Comment: dir_dedicatoria_sig used once
dir_name 40007F00

Symbol: dir_name
   Definitions
      At line 47 in file prac5.s
   Uses
      At line 626 in file prac5.s
Comment: dir_name used once
dir_pausa 40007EE0

Symbol: dir_pausa
   Definitions
      At line 46 in file prac5.s
   Uses
      At line 510 in file prac5.s
      At line 529 in file prac5.s
      At line 561 in file prac5.s
      At line 614 in file prac5.s

dir_puntos 40007F09

Symbol: dir_puntos
   Definitions
      At line 45 in file prac5.s
   Uses
      At line 474 in file prac5.s
Comment: dir_puntos used once
espacio 00000020

Symbol: espacio
   Definitions
      At line 53 in file prac5.s
   Uses
      At line 171 in file prac5.s
      At line 222 in file prac5.s
      At line 370 in file prac5.s
      At line 434 in file prac5.s
      At line 563 in file prac5.s
      At line 595 in file prac5.s
      At line 707 in file prac5.s

filas 00000010



ARM Macro Assembler    Page 4 Alphabetic symbol ordering
Absolute symbols


Symbol: filas
   Definitions
      At line 50 in file prac5.s
   Uses
      None
Comment: filas unused
game_over 40007EE9

Symbol: game_over
   Definitions
      At line 44 in file prac5.s
   Uses
      At line 453 in file prac5.s
Comment: game_over used once
pantalla 40007E00

Symbol: pantalla
   Definitions
      At line 43 in file prac5.s
   Uses
      At line 87 in file prac5.s
      At line 221 in file prac5.s
      At line 256 in file prac5.s
      At line 322 in file prac5.s
      At line 343 in file prac5.s
      At line 369 in file prac5.s
      At line 433 in file prac5.s
      At line 594 in file prac5.s
      At line 708 in file prac5.s

21 symbols



ARM Macro Assembler    Page 1 Alphabetic symbol ordering
External symbols

rand 00000000

Symbol: rand
   Definitions
      At line 61 in file prac5.s
   Uses
      At line 670 in file prac5.s
Comment: rand used once
srand 00000000

Symbol: srand
   Definitions
      At line 60 in file prac5.s
   Uses
      At line 94 in file prac5.s
Comment: srand used once
2 symbols
468 symbols in table
